<?xml version="1.0" encoding="UTF-8"?>
<testsuite name="ch.uzh.ifi.seal.soprafs19.service.UserServiceTest" tests="12" skipped="0" failures="0" errors="0" timestamp="2019-03-14T21:35:34" hostname="YOUSHALLNOTPASS.fritz.box" time="0.512">
  <properties/>
  <testcase name="logInUserWrongPassword" classname="ch.uzh.ifi.seal.soprafs19.service.UserServiceTest" time="0.025"/>
  <testcase name="createUserSameUsername" classname="ch.uzh.ifi.seal.soprafs19.service.UserServiceTest" time="0.106"/>
  <testcase name="getInfo" classname="ch.uzh.ifi.seal.soprafs19.service.UserServiceTest" time="0.029"/>
  <testcase name="getInfoWrongToken" classname="ch.uzh.ifi.seal.soprafs19.service.UserServiceTest" time="0.025"/>
  <testcase name="logOutUser" classname="ch.uzh.ifi.seal.soprafs19.service.UserServiceTest" time="0.05"/>
  <testcase name="editUserWrongToken" classname="ch.uzh.ifi.seal.soprafs19.service.UserServiceTest" time="0.026"/>
  <testcase name="createUser" classname="ch.uzh.ifi.seal.soprafs19.service.UserServiceTest" time="0.033"/>
  <testcase name="getUsersWrongToken" classname="ch.uzh.ifi.seal.soprafs19.service.UserServiceTest" time="0.039"/>
  <testcase name="testInvalidToken" classname="ch.uzh.ifi.seal.soprafs19.service.UserServiceTest" time="0.013"/>
  <testcase name="editUser" classname="ch.uzh.ifi.seal.soprafs19.service.UserServiceTest" time="0.068"/>
  <testcase name="logInUser" classname="ch.uzh.ifi.seal.soprafs19.service.UserServiceTest" time="0.037"/>
  <testcase name="getUsers" classname="ch.uzh.ifi.seal.soprafs19.service.UserServiceTest" time="0.036"/>
  <system-out><![CDATA[2019-03-14 22:35:34.584  INFO 31868 --- [    Test worker] .b.t.c.SpringBootTestContextBootstrapper : Neither @ContextConfiguration nor @ContextHierarchy found for test class [ch.uzh.ifi.seal.soprafs19.service.UserServiceTest], using SpringBootContextLoader
2019-03-14 22:35:34.590  INFO 31868 --- [    Test worker] o.s.t.c.support.AbstractContextLoader    : Could not detect default resource locations for test class [ch.uzh.ifi.seal.soprafs19.service.UserServiceTest]: no resource found for suffixes {-context.xml, Context.groovy}.
2019-03-14 22:35:34.610  INFO 31868 --- [    Test worker] .b.t.c.SpringBootTestContextBootstrapper : Loaded default TestExecutionListener class names from location [META-INF/spring.factories]: [org.springframework.boot.test.autoconfigure.restdocs.RestDocsTestExecutionListener, org.springframework.boot.test.autoconfigure.web.client.MockRestServiceServerResetTestExecutionListener, org.springframework.boot.test.autoconfigure.web.servlet.MockMvcPrintOnlyOnFailureTestExecutionListener, org.springframework.boot.test.autoconfigure.web.servlet.WebDriverTestExecutionListener, org.springframework.boot.test.mock.mockito.MockitoTestExecutionListener, org.springframework.boot.test.mock.mockito.ResetMocksTestExecutionListener, org.springframework.test.context.web.ServletTestExecutionListener, org.springframework.test.context.support.DirtiesContextBeforeModesTestExecutionListener, org.springframework.test.context.support.DependencyInjectionTestExecutionListener, org.springframework.test.context.support.DirtiesContextTestExecutionListener, org.springframework.test.context.transaction.TransactionalTestExecutionListener, org.springframework.test.context.jdbc.SqlScriptsTestExecutionListener]
2019-03-14 22:35:34.612  INFO 31868 --- [    Test worker] .b.t.c.SpringBootTestContextBootstrapper : Using TestExecutionListeners: [org.springframework.test.context.web.ServletTestExecutionListener@5cfbdd23, org.springframework.test.context.support.DirtiesContextBeforeModesTestExecutionListener@3771a9bd, org.springframework.boot.test.mock.mockito.MockitoTestExecutionListener@7d16f659, org.springframework.boot.test.autoconfigure.SpringBootDependencyInjectionTestExecutionListener@63cb0fc1, org.springframework.test.context.support.DirtiesContextTestExecutionListener@615bc45e, org.springframework.test.context.transaction.TransactionalTestExecutionListener@5bddb589, org.springframework.test.context.jdbc.SqlScriptsTestExecutionListener@11333495, org.springframework.boot.test.autoconfigure.restdocs.RestDocsTestExecutionListener@2a3d9475, org.springframework.boot.test.autoconfigure.web.client.MockRestServiceServerResetTestExecutionListener@15fbdc58, org.springframework.boot.test.autoconfigure.web.servlet.MockMvcPrintOnlyOnFailureTestExecutionListener@23bc4293, org.springframework.boot.test.autoconfigure.web.servlet.WebDriverTestExecutionListener@2b235ded, org.springframework.boot.test.mock.mockito.ResetMocksTestExecutionListener@6d7beac0]
birthday is setUsername is setpassword is set]]></system-out>
  <system-err><![CDATA[]]></system-err>
</testsuite>
