<?xml version="1.0" encoding="UTF-8"?>
<testsuite name="ch.uzh.ifi.seal.soprafs19.service.UserServiceTest" tests="12" skipped="0" failures="0" errors="0" timestamp="2019-03-14T14:12:22" hostname="dhcp-wlan-uzh-10-12-97-052.uzh.ch" time="0.478">
  <properties/>
  <testcase name="logInUserWrongPassword" classname="ch.uzh.ifi.seal.soprafs19.service.UserServiceTest" time="0.023"/>
  <testcase name="createUserSameUsername" classname="ch.uzh.ifi.seal.soprafs19.service.UserServiceTest" time="0.082"/>
  <testcase name="getInfo" classname="ch.uzh.ifi.seal.soprafs19.service.UserServiceTest" time="0.027"/>
  <testcase name="getInfoWrongToken" classname="ch.uzh.ifi.seal.soprafs19.service.UserServiceTest" time="0.033"/>
  <testcase name="logOutUser" classname="ch.uzh.ifi.seal.soprafs19.service.UserServiceTest" time="0.042"/>
  <testcase name="editUserWrongToken" classname="ch.uzh.ifi.seal.soprafs19.service.UserServiceTest" time="0.025"/>
  <testcase name="createUser" classname="ch.uzh.ifi.seal.soprafs19.service.UserServiceTest" time="0.03"/>
  <testcase name="getUsersWrongToken" classname="ch.uzh.ifi.seal.soprafs19.service.UserServiceTest" time="0.031"/>
  <testcase name="testInvalidToken" classname="ch.uzh.ifi.seal.soprafs19.service.UserServiceTest" time="0.011"/>
  <testcase name="editUser" classname="ch.uzh.ifi.seal.soprafs19.service.UserServiceTest" time="0.073"/>
  <testcase name="logInUser" classname="ch.uzh.ifi.seal.soprafs19.service.UserServiceTest" time="0.045"/>
  <testcase name="getUsers" classname="ch.uzh.ifi.seal.soprafs19.service.UserServiceTest" time="0.037"/>
  <system-out><![CDATA[2019-03-14 15:12:22.903  INFO 31354 --- [    Test worker] .b.t.c.SpringBootTestContextBootstrapper : Neither @ContextConfiguration nor @ContextHierarchy found for test class [ch.uzh.ifi.seal.soprafs19.service.UserServiceTest], using SpringBootContextLoader
2019-03-14 15:12:22.905  INFO 31354 --- [    Test worker] o.s.t.c.support.AbstractContextLoader    : Could not detect default resource locations for test class [ch.uzh.ifi.seal.soprafs19.service.UserServiceTest]: no resource found for suffixes {-context.xml, Context.groovy}.
2019-03-14 15:12:22.925  INFO 31354 --- [    Test worker] .b.t.c.SpringBootTestContextBootstrapper : Loaded default TestExecutionListener class names from location [META-INF/spring.factories]: [org.springframework.boot.test.autoconfigure.restdocs.RestDocsTestExecutionListener, org.springframework.boot.test.autoconfigure.web.client.MockRestServiceServerResetTestExecutionListener, org.springframework.boot.test.autoconfigure.web.servlet.MockMvcPrintOnlyOnFailureTestExecutionListener, org.springframework.boot.test.autoconfigure.web.servlet.WebDriverTestExecutionListener, org.springframework.boot.test.mock.mockito.MockitoTestExecutionListener, org.springframework.boot.test.mock.mockito.ResetMocksTestExecutionListener, org.springframework.test.context.web.ServletTestExecutionListener, org.springframework.test.context.support.DirtiesContextBeforeModesTestExecutionListener, org.springframework.test.context.support.DependencyInjectionTestExecutionListener, org.springframework.test.context.support.DirtiesContextTestExecutionListener, org.springframework.test.context.transaction.TransactionalTestExecutionListener, org.springframework.test.context.jdbc.SqlScriptsTestExecutionListener]
2019-03-14 15:12:22.927  INFO 31354 --- [    Test worker] .b.t.c.SpringBootTestContextBootstrapper : Using TestExecutionListeners: [org.springframework.test.context.web.ServletTestExecutionListener@612bf96f, org.springframework.test.context.support.DirtiesContextBeforeModesTestExecutionListener@2cce6038, org.springframework.boot.test.mock.mockito.MockitoTestExecutionListener@50b0b80, org.springframework.boot.test.autoconfigure.SpringBootDependencyInjectionTestExecutionListener@11329a05, org.springframework.test.context.support.DirtiesContextTestExecutionListener@2f6ce9cd, org.springframework.test.context.transaction.TransactionalTestExecutionListener@70fc83b8, org.springframework.test.context.jdbc.SqlScriptsTestExecutionListener@2df6d12c, org.springframework.boot.test.autoconfigure.restdocs.RestDocsTestExecutionListener@28118425, org.springframework.boot.test.autoconfigure.web.client.MockRestServiceServerResetTestExecutionListener@607b226b, org.springframework.boot.test.autoconfigure.web.servlet.MockMvcPrintOnlyOnFailureTestExecutionListener@740e8c9f, org.springframework.boot.test.autoconfigure.web.servlet.WebDriverTestExecutionListener@6fea5c83, org.springframework.boot.test.mock.mockito.ResetMocksTestExecutionListener@4b7ecdf7]
birthday is setUsername is setpassword is set]]></system-out>
  <system-err><![CDATA[]]></system-err>
</testsuite>
