<?xml version="1.0" encoding="UTF-8"?>
<testsuite name="ch.uzh.ifi.seal.soprafs19.service.UserServiceTest" tests="1" skipped="0" failures="0" errors="0" timestamp="2019-02-25T12:41:09" hostname="dhcp-wlan-uzh-10-12-97-052.uzh.ch" time="0.778">
  <properties/>
  <testcase name="createUser" classname="ch.uzh.ifi.seal.soprafs19.service.UserServiceTest" time="0.778"/>
  <system-out><![CDATA[13:40:56.134 [Test worker] DEBUG org.springframework.test.context.junit4.SpringJUnit4ClassRunner - SpringJUnit4ClassRunner constructor called with [class ch.uzh.ifi.seal.soprafs19.service.UserServiceTest]
13:40:56.167 [Test worker] DEBUG org.springframework.test.context.BootstrapUtils - Instantiating CacheAwareContextLoaderDelegate from class [org.springframework.test.context.cache.DefaultCacheAwareContextLoaderDelegate]
13:40:56.211 [Test worker] DEBUG org.springframework.test.context.BootstrapUtils - Instantiating BootstrapContext using constructor [public org.springframework.test.context.support.DefaultBootstrapContext(java.lang.Class,org.springframework.test.context.CacheAwareContextLoaderDelegate)]
13:40:56.326 [Test worker] DEBUG org.springframework.test.context.BootstrapUtils - Instantiating TestContextBootstrapper for test class [ch.uzh.ifi.seal.soprafs19.service.UserServiceTest] from class [org.springframework.boot.test.context.SpringBootTestContextBootstrapper]
13:40:56.371 [Test worker] INFO org.springframework.boot.test.context.SpringBootTestContextBootstrapper - Neither @ContextConfiguration nor @ContextHierarchy found for test class [ch.uzh.ifi.seal.soprafs19.service.UserServiceTest], using SpringBootContextLoader
13:40:56.384 [Test worker] DEBUG org.springframework.test.context.support.AbstractContextLoader - Did not detect default resource location for test class [ch.uzh.ifi.seal.soprafs19.service.UserServiceTest]: class path resource [ch/uzh/ifi/seal/soprafs19/service/UserServiceTest-context.xml] does not exist
13:40:56.386 [Test worker] DEBUG org.springframework.test.context.support.AbstractContextLoader - Did not detect default resource location for test class [ch.uzh.ifi.seal.soprafs19.service.UserServiceTest]: class path resource [ch/uzh/ifi/seal/soprafs19/service/UserServiceTestContext.groovy] does not exist
13:40:56.387 [Test worker] INFO org.springframework.test.context.support.AbstractContextLoader - Could not detect default resource locations for test class [ch.uzh.ifi.seal.soprafs19.service.UserServiceTest]: no resource found for suffixes {-context.xml, Context.groovy}.
13:40:56.526 [Test worker] DEBUG org.springframework.test.context.support.ActiveProfilesUtils - Could not find an 'annotation declaring class' for annotation type [org.springframework.test.context.ActiveProfiles] and class [ch.uzh.ifi.seal.soprafs19.service.UserServiceTest]
13:40:56.905 [Test worker] DEBUG org.springframework.boot.test.context.SpringBootTestContextBootstrapper - @TestExecutionListeners is not present for class [ch.uzh.ifi.seal.soprafs19.service.UserServiceTest]: using defaults.
13:40:56.907 [Test worker] INFO org.springframework.boot.test.context.SpringBootTestContextBootstrapper - Loaded default TestExecutionListener class names from location [META-INF/spring.factories]: [org.springframework.boot.test.autoconfigure.restdocs.RestDocsTestExecutionListener, org.springframework.boot.test.autoconfigure.web.client.MockRestServiceServerResetTestExecutionListener, org.springframework.boot.test.autoconfigure.web.servlet.MockMvcPrintOnlyOnFailureTestExecutionListener, org.springframework.boot.test.autoconfigure.web.servlet.WebDriverTestExecutionListener, org.springframework.boot.test.mock.mockito.MockitoTestExecutionListener, org.springframework.boot.test.mock.mockito.ResetMocksTestExecutionListener, org.springframework.test.context.web.ServletTestExecutionListener, org.springframework.test.context.support.DirtiesContextBeforeModesTestExecutionListener, org.springframework.test.context.support.DependencyInjectionTestExecutionListener, org.springframework.test.context.support.DirtiesContextTestExecutionListener, org.springframework.test.context.transaction.TransactionalTestExecutionListener, org.springframework.test.context.jdbc.SqlScriptsTestExecutionListener]
13:40:56.962 [Test worker] INFO org.springframework.boot.test.context.SpringBootTestContextBootstrapper - Using TestExecutionListeners: [org.springframework.test.context.web.ServletTestExecutionListener@42304fcf, org.springframework.test.context.support.DirtiesContextBeforeModesTestExecutionListener@a7351a2, org.springframework.boot.test.mock.mockito.MockitoTestExecutionListener@4109667f, org.springframework.boot.test.autoconfigure.SpringBootDependencyInjectionTestExecutionListener@44833cc6, org.springframework.test.context.support.DirtiesContextTestExecutionListener@48d4dae, org.springframework.test.context.transaction.TransactionalTestExecutionListener@14e3f2dc, org.springframework.test.context.jdbc.SqlScriptsTestExecutionListener@1ed344a1, org.springframework.boot.test.autoconfigure.restdocs.RestDocsTestExecutionListener@43eb3eb1, org.springframework.boot.test.autoconfigure.web.client.MockRestServiceServerResetTestExecutionListener@2d65fb5f, org.springframework.boot.test.autoconfigure.web.servlet.MockMvcPrintOnlyOnFailureTestExecutionListener@269b893d, org.springframework.boot.test.autoconfigure.web.servlet.WebDriverTestExecutionListener@22693703, org.springframework.boot.test.mock.mockito.ResetMocksTestExecutionListener@38ed9b49]
13:40:56.970 [Test worker] DEBUG org.springframework.test.annotation.ProfileValueUtils - Retrieved @ProfileValueSourceConfiguration [null] for test class [ch.uzh.ifi.seal.soprafs19.service.UserServiceTest]
13:40:56.973 [Test worker] DEBUG org.springframework.test.annotation.ProfileValueUtils - Retrieved ProfileValueSource type [class org.springframework.test.annotation.SystemProfileValueSource] for class [ch.uzh.ifi.seal.soprafs19.service.UserServiceTest]
13:40:56.975 [Test worker] DEBUG org.springframework.test.annotation.ProfileValueUtils - Retrieved @ProfileValueSourceConfiguration [null] for test class [ch.uzh.ifi.seal.soprafs19.service.UserServiceTest]
13:40:56.975 [Test worker] DEBUG org.springframework.test.annotation.ProfileValueUtils - Retrieved ProfileValueSource type [class org.springframework.test.annotation.SystemProfileValueSource] for class [ch.uzh.ifi.seal.soprafs19.service.UserServiceTest]
13:40:57.005 [Test worker] DEBUG org.springframework.test.context.support.AbstractDirtiesContextTestExecutionListener - Before test class: context [DefaultTestContext@6d7899ad testClass = UserServiceTest, testInstance = [null], testMethod = [null], testException = [null], mergedContextConfiguration = [WebMergedContextConfiguration@37e6cf6 testClass = UserServiceTest, locations = '{}', classes = '{class ch.uzh.ifi.seal.soprafs19.Application, class ch.uzh.ifi.seal.soprafs19.Application}', contextInitializerClasses = '[]', activeProfiles = '{}', propertySourceLocations = '{}', propertySourceProperties = '{org.springframework.boot.test.context.SpringBootTestContextBootstrapper=true}', contextCustomizers = set[org.springframework.boot.test.autoconfigure.properties.PropertyMappingContextCustomizer@0, org.springframework.boot.test.autoconfigure.web.servlet.WebDriverContextCustomizerFactory$Customizer@fa045e6, org.springframework.boot.test.context.filter.ExcludeFilterContextCustomizer@50da7b52, org.springframework.boot.test.json.DuplicateJsonObjectContextCustomizerFactory$DuplicateJsonObjectContextCustomizer@41d6d193, org.springframework.boot.test.mock.mockito.MockitoContextCustomizer@0, org.springframework.boot.test.web.client.TestRestTemplateContextCustomizer@2e0bd4a0, org.springframework.test.context.web.socket.MockServerContainerContextCustomizer@600f81fe], resourceBasePath = 'src/main/webapp', contextLoader = 'org.springframework.boot.test.context.SpringBootContextLoader', parent = [null]], attributes = map['org.springframework.test.context.web.ServletTestExecutionListener.activateListener' -> true]], class annotated with @DirtiesContext [false] with mode [null].
13:40:57.007 [Test worker] DEBUG org.springframework.test.annotation.ProfileValueUtils - Retrieved @ProfileValueSourceConfiguration [null] for test class [ch.uzh.ifi.seal.soprafs19.service.UserServiceTest]
13:40:57.008 [Test worker] DEBUG org.springframework.test.annotation.ProfileValueUtils - Retrieved ProfileValueSource type [class org.springframework.test.annotation.SystemProfileValueSource] for class [ch.uzh.ifi.seal.soprafs19.service.UserServiceTest]
13:40:57.218 [Test worker] DEBUG org.springframework.test.context.support.TestPropertySourceUtils - Adding inlined properties to environment: {spring.jmx.enabled=false, org.springframework.boot.test.context.SpringBootTestContextBootstrapper=true, server.port=-1}

  .   ____          _            __ _ _
 /\\ / ___'_ __ _ _(_)_ __  __ _ \ \ \ \
( ( )\___ | '_ | '_| | '_ \/ _` | \ \ \ \
 \\/  ___)| |_)| | | | | || (_| |  ) ) ) )
  '  |____| .__|_| |_|_| |_\__, | / / / /
 =========|_|==============|___/=/_/_/_/
 :: Spring Boot ::        (v2.1.0.RELEASE)

2019-02-25 13:40:58.154  INFO 74976 --- [    Test worker] c.u.i.s.s.service.UserServiceTest        : Starting UserServiceTest on dhcp-wlan-uzh-10-12-97-052.uzh.ch with PID 74976 (started by Johann in /Users/Johann/Desktop/UZH/4. Semester/SoPra/code/server)
2019-02-25 13:40:58.159  INFO 74976 --- [    Test worker] c.u.i.s.s.service.UserServiceTest        : No active profile set, falling back to default profiles: default
2019-02-25 13:41:00.194  INFO 74976 --- [    Test worker] .s.d.r.c.RepositoryConfigurationDelegate : Bootstrapping Spring Data repositories in DEFAULT mode.
2019-02-25 13:41:00.390  INFO 74976 --- [    Test worker] .s.d.r.c.RepositoryConfigurationDelegate : Finished Spring Data repository scanning in 169ms. Found 1 repository interfaces.
2019-02-25 13:41:01.565  INFO 74976 --- [    Test worker] trationDelegate$BeanPostProcessorChecker : Bean 'org.springframework.transaction.annotation.ProxyTransactionManagementConfiguration' of type [org.springframework.transaction.annotation.ProxyTransactionManagementConfiguration$$EnhancerBySpringCGLIB$$3b38214c] is not eligible for getting processed by all BeanPostProcessors (for example: not eligible for auto-proxying)
2019-02-25 13:41:02.106  INFO 74976 --- [    Test worker] com.zaxxer.hikari.HikariDataSource       : HikariPool-1 - Starting...
2019-02-25 13:41:02.718  INFO 74976 --- [    Test worker] com.zaxxer.hikari.HikariDataSource       : HikariPool-1 - Start completed.
2019-02-25 13:41:02.939  INFO 74976 --- [    Test worker] o.hibernate.jpa.internal.util.LogHelper  : HHH000204: Processing PersistenceUnitInfo [
	name: default
	...]
2019-02-25 13:41:03.159  INFO 74976 --- [    Test worker] org.hibernate.Version                    : HHH000412: Hibernate Core {5.3.7.Final}
2019-02-25 13:41:03.165  INFO 74976 --- [    Test worker] org.hibernate.cfg.Environment            : HHH000206: hibernate.properties not found
2019-02-25 13:41:03.570  INFO 74976 --- [    Test worker] o.hibernate.annotations.common.Version   : HCANN000001: Hibernate Commons Annotations {5.0.4.Final}
2019-02-25 13:41:03.991  INFO 74976 --- [    Test worker] org.hibernate.dialect.Dialect            : HHH000400: Using dialect: org.hibernate.dialect.H2Dialect
2019-02-25 13:41:05.865  INFO 74976 --- [    Test worker] o.h.t.schema.internal.SchemaCreatorImpl  : HHH000476: Executing import script 'org.hibernate.tool.schema.internal.exec.ScriptSourceInputNonExistentImpl@56d225d8'
2019-02-25 13:41:05.872  INFO 74976 --- [    Test worker] j.LocalContainerEntityManagerFactoryBean : Initialized JPA EntityManagerFactory for persistence unit 'default'
2019-02-25 13:41:08.141  INFO 74976 --- [    Test worker] o.s.s.concurrent.ThreadPoolTaskExecutor  : Initializing ExecutorService 'applicationTaskExecutor'
2019-02-25 13:41:08.284  WARN 74976 --- [    Test worker] aWebConfiguration$JpaWebMvcConfiguration : spring.jpa.open-in-view is enabled by default. Therefore, database queries may be performed during view rendering. Explicitly configure spring.jpa.open-in-view to disable this warning
2019-02-25 13:41:08.957  INFO 74976 --- [    Test worker] c.u.i.s.s.service.UserServiceTest        : Started UserServiceTest in 11.695 seconds (JVM running for 15.304)
2019-02-25 13:41:09.242  INFO 74976 --- [    Test worker] o.h.h.i.QueryTranslatorFactoryInitiator  : HHH000397: Using ASTQueryTranslatorFactory
]]></system-out>
  <system-err><![CDATA[]]></system-err>
</testsuite>
